[debug] [2018-11-12T20:14:11.995Z] ----------------------------------------------------------------------
[debug] [2018-11-12T20:14:11.999Z] Command:       /usr/local/bin/node /usr/local/bin/firebase deploy
[debug] [2018-11-12T20:14:12.000Z] CLI Version:   4.2.1
[debug] [2018-11-12T20:14:12.000Z] Platform:      darwin
[debug] [2018-11-12T20:14:12.000Z] Node Version:  v8.12.0
[debug] [2018-11-12T20:14:12.001Z] Time:          Mon Nov 12 2018 21:14:12 GMT+0100 (CET)
[debug] [2018-11-12T20:14:12.001Z] ----------------------------------------------------------------------
[debug] 
[debug] [2018-11-12T20:14:12.018Z] > command requires scopes: ["email","openid","https://www.googleapis.com/auth/cloudplatformprojects.readonly","https://www.googleapis.com/auth/firebase","https://www.googleapis.com/auth/cloud-platform"]
[debug] [2018-11-12T20:14:12.018Z] > authorizing via signed-in user
[debug] [2018-11-12T20:14:12.021Z] > refreshing access token with scopes: ["email","https://www.googleapis.com/auth/cloud-platform","https://www.googleapis.com/auth/cloudplatformprojects.readonly","https://www.googleapis.com/auth/firebase","openid"]
[debug] [2018-11-12T20:14:12.021Z] >>> HTTP REQUEST POST https://www.googleapis.com/oauth2/v3/token  

[debug] [2018-11-12T20:14:12.385Z] <<< HTTP RESPONSE 200
[debug] [2018-11-12T20:14:12.392Z] >>> HTTP REQUEST GET https://admin.firebase.com/v1/projects/commitkitties-geth  
 
[debug] [2018-11-12T20:14:13.240Z] <<< HTTP RESPONSE 200
[info] 
[info] === Deploying to 'commitkitties-geth'...
[info] 
[info] i  deploying hosting
[debug] [2018-11-12T20:14:13.248Z] >>> HTTP REQUEST POST https://firebasehosting.googleapis.com/v1beta1/sites/commitkitties-geth/versions  

[debug] [2018-11-12T20:14:16.799Z] <<< HTTP RESPONSE 200
[info] i  hosting[commitkitties-geth]: beginning deploy...
[info] i  hosting[commitkitties-geth]: found 13 files in dist
[debug] [2018-11-12T20:14:16.825Z] [hosting] hash cache [ZGlzdA] stored for 13 files
[debug] [2018-11-12T20:14:16.826Z] [hosting][hash queue][FINAL]
[debug] [2018-11-12T20:14:16.826Z] >>> HTTP REQUEST POST https://firebasehosting.googleapis.com/v1beta1/sites/commitkitties-geth/versions/0b5207372f6b8528:populateFiles  
 <request body omitted>
[debug] [2018-11-12T20:14:19.121Z] <<< HTTP RESPONSE 200
[debug] [2018-11-12T20:14:19.141Z] [hosting][populate queue][FINAL]
[debug] [2018-11-12T20:14:19.141Z] [hosting] uploads queued: 13
